<?xml version="1.0" encoding="UTF-8"?>
<!-- Generated by org.testng.reporters.JUnitReportReporter -->
<testsuite hostname="Sangameshs-MacBook-Air.local" failures="0" tests="1" name="ParallelExecution.Task" time="0.013" errors="0" timestamp="2023-04-11T09:20:04 IST" skipped="0">
  <testcase classname="ParallelExecution.Task" name="createTest" time="0.013"/>
  <system-out>
    <![CDATA[CreateTest]]>
  </system-out>
</testsuite> <!-- ParallelExecution.Task -->
